15:07:27 **** Build of configuration Default for project smartui ****
make all 
g++ app.cpp src/Visual.cpp src/Window.cpp src/Button.cpp src/Application.cpp -lglut -lGL -lGLU -I ./include
15:08:08 **** Incremental Build of configuration Default for project smartui ****
make all 
g++ app.cpp src/Visual.cpp src/Window.cpp src/Button.cpp src/Application.cpp -lglut -lGL -lGLU -I ./include
15:23:58 **** Incremental Build of configuration Default for project smartui ****
make all 
g++ app.cpp src/Visual.cpp src/Window.cpp src/Button.cpp src/Application.cpp -lglut -lGL -lGLU -I ./include
15:29:34 **** Incremental Build of configuration Default for project smartui ****
make all 
g++ app.cpp src/Visual.cpp src/Window.cpp src/Button.cpp src/Application.cpp -lglut -lGL -lGLU -I ./include
15:29:52 **** Incremental Build of configuration Default for project smartui ****
make all 
g++ app.cpp src/Visual.cpp src/Window.cpp src/Button.cpp src/Application.cpp -lglut -lGL -lGLU -I ./include
15:31:45 **** Incremental Build of configuration Default for project smartui ****
make all 
g++ app.cpp src/Visual.cpp src/Window.cpp src/Button.cpp src/Application.cpp -lglut -lGL -lGLU -I ./include
15:33:07 **** Incremental Build of configuration Default for project smartui ****
make all 
g++ app.cpp src/Visual.cpp src/Window.cpp src/Button.cpp src/Application.cpp -lglut -lGL -lGLU -I ./include -g
15:35:49 **** Incremental Build of configuration Default for project smartui ****
make all 
g++ app.cpp src/Visual.cpp src/Window.cpp src/Button.cpp src/Application.cpp -lglut -lGL -lGLU -I ./include -g
15:35:55 **** Incremental Build of configuration Default for project smartui ****
make all 
g++ app.cpp src/Visual.cpp src/Window.cpp src/Button.cpp src/Application.cpp -lglut -lGL -lGLU -I ./include -g
